2003.06.12 13:25 B C:\Documents and Settings\John Akwei\My Documents\My Webs\www.johnakwei1.com\images\earthris2.gif --> johnakwei1.com /www/images earthris2.gif
2003.06.12 13:27 B C:\Documents and Settings\John Akwei\My Documents\My Webs\www.johnakwei1.com\images\March Calendar.gif --> johnakwei1.com /www/images March Calendar.gif
2003.06.12 13:48 B C:\Documents and Settings\John Akwei\My Documents\My Webs\www.johnakwei1.com\images\Water-lilies3.gif --> johnakwei1.com /www/images Water-lilies3.gif
2003.06.12 13:48 B C:\Documents and Settings\John Akwei\My Documents\My Webs\www.johnakwei1.com\images\WS_FTP.LOG --> johnakwei1.com /www/images WS_FTP.LOG
2003.06.12 13:50 B C:\Documents and Settings\John Akwei\My Documents\My Webs\www.johnakwei1.com\images\March Calendar.gif --> johnakwei1.com /www/images March Calendar.gif
2003.07.25 08:27 B C:\Documents and Settings\John Akwei\My Documents\My Webs\www.johnakwei1.com\images\new_pa2.jpg --> johnakwei1.com /www new_pa2.jpg
2003.07.30 08:50 B C:\Documents and Settings\John Akwei\My Documents\My Webs\www.johnakwei1.com\images\earthris2.gif --> johnakwei1.com /www earthris2.gif
2003.07.30 08:50 B C:\Documents and Settings\John Akwei\My Documents\My Webs\www.johnakwei1.com\images\earthris2_small.gif --> johnakwei1.com /www earthris2_small.gif
2003.07.30 08:50 B C:\Documents and Settings\John Akwei\My Documents\My Webs\www.johnakwei1.com\images\March Calendar.gif --> johnakwei1.com /www March Calendar.gif
2003.07.30 08:50 B C:\Documents and Settings\John Akwei\My Documents\My Webs\www.johnakwei1.com\images\March_Calendar_small.gif --> johnakwei1.com /www March_Calendar_small.gif
2003.07.30 08:51 B C:\Documents and Settings\John Akwei\My Documents\My Webs\www.johnakwei1.com\images\Water-lilies3.gif --> johnakwei1.com /www Water-lilies3.gif
2003.07.30 08:51 B C:\Documents and Settings\John Akwei\My Documents\My Webs\www.johnakwei1.com\images\Water-lilies3_small.gif --> johnakwei1.com /www Water-lilies3_small.gif
2003.08.06 10:00 B C:\Documents and Settings\John Akwei\My Documents\My Webs\www.johnakwei1.com\images\PS-WS-004.jpg --> johnakwei1.com /www/images PS-WS-004.jpg
2003.08.06 10:00 B C:\Documents and Settings\John Akwei\My Documents\My Webs\www.johnakwei1.com\images\PS-WS-004_small.jpg --> johnakwei1.com /www/images PS-WS-004_small.jpg
2003.08.06 10:01 B C:\Documents and Settings\John Akwei\My Documents\My Webs\www.johnakwei1.com\images\PS-WS-005.jpg --> johnakwei1.com /www/images PS-WS-005.jpg
2003.08.06 10:01 B C:\Documents and Settings\John Akwei\My Documents\My Webs\www.johnakwei1.com\images\PS-WS-005_small.jpg --> johnakwei1.com /www/images PS-WS-005_small.jpg
2003.08.06 10:01 B C:\Documents and Settings\John Akwei\My Documents\My Webs\www.johnakwei1.com\images\PS-WS-006.jpg --> johnakwei1.com /www/images PS-WS-006.jpg
2003.08.06 10:01 B C:\Documents and Settings\John Akwei\My Documents\My Webs\www.johnakwei1.com\images\PS-WS-006_small.jpg --> johnakwei1.com /www/images PS-WS-006_small.jpg
2003.08.06 10:05 B C:\Documents and Settings\John Akwei\My Documents\My Webs\www.johnakwei1.com\images\WebStImgMap.jpg --> johnakwei1.com /www/images WebStImgMap.jpg
2003.08.06 10:55 B C:\Documents and Settings\John Akwei\My Documents\My Webs\www.johnakwei1.com\images\PS-WS-006.jpg --> johnakwei1.com /www/images PS-WS-006.jpg
2003.08.06 10:55 B C:\Documents and Settings\John Akwei\My Documents\My Webs\www.johnakwei1.com\images\PS-WS-006_small.jpg --> johnakwei1.com /www/images PS-WS-006_small.jpg
2003.08.12 04:49 B C:\Documents and Settings\John Akwei\My Documents\My Webs\www.johnakwei1.com\images\AI-WS-004_small.jpg --> johnakwei1.com /www/images AI-WS-004_small.jpg
2003.08.12 04:49 B C:\Documents and Settings\John Akwei\My Documents\My Webs\www.johnakwei1.com\images\AI-WS-005_small.jpg --> johnakwei1.com /www/images AI-WS-005_small.jpg
2003.08.12 04:49 B C:\Documents and Settings\John Akwei\My Documents\My Webs\www.johnakwei1.com\images\AI-WS-006_small.jpg --> johnakwei1.com /www/images AI-WS-006_small.jpg
2003.08.12 04:49 B C:\Documents and Settings\John Akwei\My Documents\My Webs\www.johnakwei1.com\images\PM-WS-004_small.jpg --> johnakwei1.com /www/images PM-WS-004_small.jpg
2003.08.12 04:49 B C:\Documents and Settings\John Akwei\My Documents\My Webs\www.johnakwei1.com\images\PM-WS-005_small.jpg --> johnakwei1.com /www/images PM-WS-005_small.jpg
2003.08.12 04:49 B C:\Documents and Settings\John Akwei\My Documents\My Webs\www.johnakwei1.com\images\PM-WS-006_small.jpg --> johnakwei1.com /www/images PM-WS-006_small.jpg
2003.08.12 04:49 B C:\Documents and Settings\John Akwei\My Documents\My Webs\www.johnakwei1.com\images\AI-WS-004.jpg --> johnakwei1.com /www/images AI-WS-004.jpg
2003.08.12 04:50 B C:\Documents and Settings\John Akwei\My Documents\My Webs\www.johnakwei1.com\images\AI-WS-005.jpg --> johnakwei1.com /www/images AI-WS-005.jpg
2003.08.12 04:50 B C:\Documents and Settings\John Akwei\My Documents\My Webs\www.johnakwei1.com\images\AI-WS-006.jpg --> johnakwei1.com /www/images AI-WS-006.jpg
2003.08.12 04:50 B C:\Documents and Settings\John Akwei\My Documents\My Webs\www.johnakwei1.com\images\PM-WS-004.pdf --> johnakwei1.com /www/images PM-WS-004.pdf
2003.08.12 05:21 B C:\Documents and Settings\John Akwei\My Documents\My Webs\www.johnakwei1.com\images\PM-WS-005.pdf --> johnakwei1.com /www/images PM-WS-005.pdf
2003.08.12 05:21 B C:\Documents and Settings\John Akwei\My Documents\My Webs\www.johnakwei1.com\images\PM-WS-006.pdf --> johnakwei1.com /www/images PM-WS-006.pdf
2003.08.13 09:44 B C:\Documents and Settings\John Akwei\My Documents\My Webs\www.johnakwei1.com\images\AI-WS-005.jpg --> johnakwei1.com /www AI-WS-005.jpg
2003.10.24 05:24 B C:\Documents and Settings\John Akwei\My Documents\My Webs\www.johnakwei1.com\images\spacer.gif --> johnakwei1.com /www/images spacer.gif
2003.10.24 05:24 B C:\Documents and Settings\John Akwei\My Documents\My Webs\www.johnakwei1.com\images\Top-Banner.jpg --> johnakwei1.com /www/images Top-Banner.jpg
2003.10.24 05:26 B C:\Documents and Settings\John Akwei\My Documents\My Webs\www.johnakwei1.com\images\bd14578_1.gif --> johnakwei1.com /www/images bd14578_1.gif
2003.10.24 05:27 B C:\Documents and Settings\John Akwei\My Documents\My Webs\www.johnakwei1.com\images\spacer2.gif --> johnakwei1.com /www/images spacer2.gif
2003.10.24 05:37 B C:\Documents and Settings\John Akwei\My Documents\My Webs\www.johnakwei1.com\images\a097.jpg --> johnakwei1.com /www/images a097.jpg
